<?xml version="1.0" encoding="UTF-8"?>
<!-- Generated by org.testng.reporters.JUnitXMLReporter -->
<testsuite ignored="0" hostname="DESKTOP-FH68O66" failures="0" tests="8" name="Default test" time="0.139" errors="0" timestamp="2021-12-01T08:26:23 IST">
  <testcase classname="testng.DataproviderDemo" name="f" time="0.009"/>
  <testcase classname="testng.DataproviderDemo" name="f" time="0.001"/>
  <testcase classname="testng.DataproviderDemo" name="f" time="0.003"/>
  <testcase classname="testng.DataproviderDemo" name="f1" time="0.002"/>
  <testcase classname="testng.DataproviderDemo" name="f1" time="0.003"/>
  <testcase classname="testng.DataproviderDemo" name="f1" time="0.009"/>
  <testcase classname="testng.DataproviderDemo" name="f1" time="0.002"/>
  <testcase classname="testng.DataproviderDemo" name="f1" time="0.003"/>
</testsuite> <!-- Default test -->
