<?xml version="1.0" encoding="UTF-8"?>
<!-- Generated by org.testng.reporters.JUnitXMLReporter -->
<testsuite ignored="5" hostname="DESKTOP-FH68O66" failures="0" tests="4" name="Test" time="0.097" errors="0" timestamp="2021-12-02T07:31:09 IST">
  <testcase classname="testng.Regression" name="m1" time="0.01"/>
  <testcase classname="testng.Regression" name="m4" time="0.002"/>
  <testcase classname="testng.Regression" name="m7" time="0.002"/>
  <testcase classname="testng.Regression" name="m9" time="0.002"/>
  <testcase classname="testng.Regression" name="m6" time="0.0">
    <ignored/>
  </testcase> <!-- m6 -->
  <testcase classname="testng.Regression" name="m8" time="0.0">
    <ignored/>
  </testcase> <!-- m8 -->
  <testcase classname="testng.Regression" name="m5" time="0.0">
    <ignored/>
  </testcase> <!-- m5 -->
  <testcase classname="testng.Regression" name="m3" time="0.0">
    <ignored/>
  </testcase> <!-- m3 -->
  <testcase classname="testng.Regression" name="m2" time="0.0">
    <ignored/>
  </testcase> <!-- m2 -->
</testsuite> <!-- Test -->
