<?xml version="1.0" encoding="UTF-8"?>
<!-- Generated by org.testng.reporters.JUnitXMLReporter -->
<testsuite ignored="0" hostname="DESKTOP-FH68O66" failures="0" tests="4" name="Test2" time="0.03" errors="0" timestamp="2021-11-30T21:33:21 IST">
  <testcase classname="testng.AllAnnotations3" name="f" time="0.003"/>
  <testcase classname="testng.AllAnnotations3" name="f1" time="0.004"/>
  <testcase classname="testng.AllAnnotations3" name="f2" time="0.002"/>
  <testcase classname="testng.AllAnnotations3" name="f3" time="0.007"/>
</testsuite> <!-- Test2 -->
