<?xml version="1.0" encoding="UTF-8"?>
<!-- Generated by org.testng.reporters.JUnitXMLReporter -->
<testsuite ignored="0" hostname="DESKTOP-FH68O66" failures="0" tests="5" name="Test1" time="0.139" errors="0" timestamp="2021-12-01T07:44:37 IST">
  <testcase classname="testng.ParametersDemo" name="add" time="0.013"/>
  <testcase classname="testng.ParametersDemo" name="add" time="0.004"/>
  <testcase classname="testng.ParametersDemo" name="add" time="0.006"/>
  <testcase classname="testng.ParametersDemo" name="add" time="0.003"/>
  <testcase classname="testng.ParametersDemo" name="add" time="0.005"/>
</testsuite> <!-- Test1 -->
