<?xml version="1.0" encoding="UTF-8"?>
<testng-results ignored="5" total="9" passed="4" failed="0" skipped="0">
  <reporter-output>
  </reporter-output>
  <suite started-at="2021-12-02T07:31:09 IST" name="Suite" finished-at="2021-12-02T07:31:09 IST" duration-ms="97">
    <groups>
      <group name="Sanity">
        <method signature="Regression.m4()[pri:0, instance:testng.Regression@10163d6]" name="m4" class="testng.Regression"/>
        <method signature="Regression.m9()[pri:0, instance:testng.Regression@10163d6]" name="m9" class="testng.Regression"/>
      </group> <!-- Sanity -->
      <group name="Regression">
        <method signature="Regression.m1()[pri:0, instance:testng.Regression@10163d6]" name="m1" class="testng.Regression"/>
        <method signature="Regression.m4()[pri:0, instance:testng.Regression@10163d6]" name="m4" class="testng.Regression"/>
        <method signature="Regression.m7()[pri:0, instance:testng.Regression@10163d6]" name="m7" class="testng.Regression"/>
        <method signature="Regression.m9()[pri:0, instance:testng.Regression@10163d6]" name="m9" class="testng.Regression"/>
      </group> <!-- Regression -->
      <group name="Smoke">
        <method signature="Regression.m1()[pri:0, instance:testng.Regression@10163d6]" name="m1" class="testng.Regression"/>
      </group> <!-- Smoke -->
    </groups>
    <test started-at="2021-12-02T07:31:09 IST" name="Test" finished-at="2021-12-02T07:31:09 IST" duration-ms="97">
      <class name="testng.Regression">
        <test-method signature="m1()[pri:0, instance:testng.Regression@10163d6]" started-at="2021-12-02T07:31:09 IST" name="m1" finished-at="2021-12-02T07:31:09 IST" duration-ms="10" status="PASS">
          <reporter-output>
          </reporter-output>
        </test-method> <!-- m1 -->
        <test-method signature="m4()[pri:0, instance:testng.Regression@10163d6]" started-at="2021-12-02T07:31:09 IST" name="m4" finished-at="2021-12-02T07:31:09 IST" duration-ms="2" status="PASS">
          <reporter-output>
          </reporter-output>
        </test-method> <!-- m4 -->
        <test-method signature="m7()[pri:0, instance:testng.Regression@10163d6]" started-at="2021-12-02T07:31:09 IST" name="m7" finished-at="2021-12-02T07:31:09 IST" duration-ms="2" status="PASS">
          <reporter-output>
          </reporter-output>
        </test-method> <!-- m7 -->
        <test-method signature="m9()[pri:0, instance:testng.Regression@10163d6]" started-at="2021-12-02T07:31:09 IST" name="m9" finished-at="2021-12-02T07:31:09 IST" duration-ms="2" status="PASS">
          <reporter-output>
          </reporter-output>
        </test-method> <!-- m9 -->
      </class> <!-- testng.Regression -->
    </test> <!-- Test -->
  </suite> <!-- Suite -->
</testng-results>
